[INFO] Scanning for projects...
[INFO] 
[INFO] ---------------------< com.raiza:magdalena-trace >----------------------
[INFO] Building magdalena-agro-trace 0.0.1-SNAPSHOT
[INFO]   from pom.xml
[INFO] --------------------------------[ jar ]---------------------------------
[INFO] 
[INFO] >>> spring-boot:4.0.6:run (default-cli) > test-compile @ magdalena-trace >>>
[INFO] 
[INFO] --- resources:3.3.1:resources (default-resources) @ magdalena-trace ---
[INFO] Copying 1 resource from src\main\resources to target\classes
[INFO] Copying 3 resources from src\main\resources to target\classes
[INFO] 
[INFO] --- compiler:3.14.1:compile (default-compile) @ magdalena-trace ---
[INFO] Recompiling the module because of added or removed source files.
[INFO] Compiling 156 source files with javac [debug parameters release 21] to target\classes
[INFO] 
[INFO] --- resources:3.3.1:testResources (default-testResources) @ magdalena-trace ---
[INFO] Copying 3 resources from src\test\resources to target\test-classes
[INFO] 
[INFO] --- compiler:3.14.1:testCompile (default-testCompile) @ magdalena-trace ---
[INFO] Recompiling the module because of changed dependency.
[INFO] Compiling 13 source files with javac [debug parameters release 21] to target\test-classes
[INFO] 
[INFO] <<< spring-boot:4.0.6:run (default-cli) < test-compile @ magdalena-trace <<<
[INFO] 
[INFO] 
[INFO] --- spring-boot:4.0.6:run (default-cli) @ magdalena-trace ---
[INFO] Attaching agents: []

  .   ____          _            __ _ _
 /\\ / ___'_ __ _ _(_)_ __  __ _ \ \ \ \
( ( )\___ | '_ | '_| | '_ \/ _` | \ \ \ \
 \\/  ___)| |_)| | | | | || (_| |  ) ) ) )
  '  |____| .__|_| |_|_| |_\__, | / / / /
 =========|_|==============|___/=/_/_/_/

 :: Spring Boot ::                (v4.0.6)

2026-05-29T01:38:03.417-05:00  INFO 3336 --- [magdalena-agro-trace] [           main] c.raiza.demo.MagdalenaTraceApplication   : Starting MagdalenaTraceApplication using Java 21.0.10 with PID 3336 (C:\Users\cerpa\RaizaSystem-hackaton-\demo\target\classes started by cerpa in C:\Users\cerpa\RaizaSystem-hackaton-\demo)
2026-05-29T01:38:03.422-05:00  INFO 3336 --- [magdalena-agro-trace] [           main] c.raiza.demo.MagdalenaTraceApplication   : The following 1 profile is active: "local"
2026-05-29T01:38:05.334-05:00  INFO 3336 --- [magdalena-agro-trace] [           main] .s.d.r.c.RepositoryConfigurationDelegate : Bootstrapping Spring Data JPA repositories in DEFAULT mode.
2026-05-29T01:38:05.597-05:00  INFO 3336 --- [magdalena-agro-trace] [           main] .s.d.r.c.RepositoryConfigurationDelegate : Finished Spring Data repository scanning in 248 ms. Found 17 JPA repository interfaces.
2026-05-29T01:38:06.906-05:00  INFO 3336 --- [magdalena-agro-trace] [           main] o.s.boot.tomcat.TomcatWebServer          : Tomcat initialized with port 8082 (http)
2026-05-29T01:38:06.925-05:00  INFO 3336 --- [magdalena-agro-trace] [           main] o.apache.catalina.core.StandardService   : Starting service [Tomcat]
2026-05-29T01:38:06.926-05:00  INFO 3336 --- [magdalena-agro-trace] [           main] o.apache.catalina.core.StandardEngine    : Starting Servlet engine: [Apache Tomcat/11.0.21]
2026-05-29T01:38:07.025-05:00  INFO 3336 --- [magdalena-agro-trace] [           main] b.w.c.s.WebApplicationContextInitializer : Root WebApplicationContext: initialization completed in 3518 ms
2026-05-29T01:38:07.748-05:00  INFO 3336 --- [magdalena-agro-trace] [           main] com.zaxxer.hikari.HikariDataSource       : HikariPool-1 - Starting...
2026-05-29T01:38:08.003-05:00  INFO 3336 --- [magdalena-agro-trace] [           main] com.zaxxer.hikari.pool.HikariPool        : HikariPool-1 - Added connection org.postgresql.jdbc.PgConnection@218f2f51
2026-05-29T01:38:08.005-05:00  INFO 3336 --- [magdalena-agro-trace] [           main] com.zaxxer.hikari.HikariDataSource       : HikariPool-1 - Start completed.
2026-05-29T01:38:08.047-05:00  INFO 3336 --- [magdalena-agro-trace] [           main] org.flywaydb.core.FlywayExecutor         : Database: jdbc:postgresql://localhost:5434/magdalena_trace_db (PostgreSQL 15.17)
2026-05-29T01:38:08.121-05:00  INFO 3336 --- [magdalena-agro-trace] [           main] o.f.c.i.s.JdbcTableSchemaHistory         : Schema history table "public"."flyway_schema_history" does not exist yet
2026-05-29T01:38:08.127-05:00  INFO 3336 --- [magdalena-agro-trace] [           main] o.f.core.internal.command.DbValidate     : Successfully validated 1 migration (execution time 00:00.028s)
2026-05-29T01:38:08.167-05:00  INFO 3336 --- [magdalena-agro-trace] [           main] o.f.c.i.s.JdbcTableSchemaHistory         : Creating Schema History table "public"."flyway_schema_history" ...
2026-05-29T01:38:08.268-05:00  INFO 3336 --- [magdalena-agro-trace] [           main] o.f.core.internal.command.DbMigrate      : Current version of schema "public": << Empty Schema >>
2026-05-29T01:38:08.304-05:00  INFO 3336 --- [magdalena-agro-trace] [           main] o.f.core.internal.command.DbMigrate      : Migrating schema "public" to version "1 - init schema"
2026-05-29T01:38:08.872-05:00  INFO 3336 --- [magdalena-agro-trace] [           main] o.f.core.internal.command.DbMigrate      : Successfully applied 1 migration to schema "public", now at version v1 (execution time 00:00.533s)
2026-05-29T01:38:09.144-05:00  INFO 3336 --- [magdalena-agro-trace] [           main] org.hibernate.orm.jpa                    : HHH008540: Processing PersistenceUnitInfo [name: default]
2026-05-29T01:38:09.243-05:00  INFO 3336 --- [magdalena-agro-trace] [           main] org.hibernate.orm.core                   : HHH000001: Hibernate ORM core version 7.2.12.Final
2026-05-29T01:38:10.073-05:00  INFO 3336 --- [magdalena-agro-trace] [           main] o.s.o.j.p.SpringPersistenceUnitInfo      : No LoadTimeWeaver setup: ignoring JPA class transformer
2026-05-29T01:38:10.258-05:00  WARN 3336 --- [magdalena-agro-trace] [           main] org.hibernate.orm.deprecation            : HHH90000025: PostgreSQLDialect does not need to be specified explicitly using 'hibernate.dialect' (remove the property setting and it will be selected by default)
2026-05-29T01:38:10.301-05:00  INFO 3336 --- [magdalena-agro-trace] [           main] org.hibernate.orm.connections.pooling    : HHH10001005: Database info:
	Database JDBC URL [jdbc:postgresql://localhost:5434/magdalena_trace_db]
	Database driver: PostgreSQL JDBC Driver
	Database dialect: PostgreSQLDialect
	Database version: 15.17
	Default catalog/schema: magdalena_trace_db/public
	Autocommit mode: undefined/unknown
	Isolation level: READ_COMMITTED [default READ_COMMITTED]
	JDBC fetch size: none
	Pool: DataSourceConnectionProvider
	Minimum pool size: undefined/unknown
	Maximum pool size: undefined/unknown
2026-05-29T01:38:12.167-05:00  INFO 3336 --- [magdalena-agro-trace] [           main] org.hibernate.orm.core                   : HHH000489: No JTA platform available (set 'hibernate.transaction.jta.platform' to enable JTA platform integration)
2026-05-29T01:38:12.271-05:00  INFO 3336 --- [magdalena-agro-trace] [           main] j.LocalContainerEntityManagerFactoryBean : Initialized JPA EntityManagerFactory for persistence unit 'default'
2026-05-29T01:38:12.389-05:00  INFO 3336 --- [magdalena-agro-trace] [           main] o.s.d.j.r.query.QueryEnhancerFactories   : Hibernate is in classpath; If applicable, HQL parser will be used.
2026-05-29T01:38:12.866-05:00  INFO 3336 --- [magdalena-agro-trace] [           main] eAuthenticationProviderManagerConfigurer : Global AuthenticationManager configured with AuthenticationProvider bean with name authenticationProvider
2026-05-29T01:38:12.868-05:00  WARN 3336 --- [magdalena-agro-trace] [           main] r$InitializeUserDetailsManagerConfigurer : Global AuthenticationManager configured with an AuthenticationProvider bean. UserDetailsService beans will not be used by Spring Security for automatically configuring username/password login. Consider removing the AuthenticationProvider bean. Alternatively, consider using the UserDetailsService in a manually instantiated DaoAuthenticationProvider. If the current configuration is intentional, to turn off this warning, increase the logging level of 'org.springframework.security.config.annotation.authentication.configuration.InitializeUserDetailsBeanManagerConfigurer' to ERROR
2026-05-29T01:38:13.972-05:00  WARN 3336 --- [magdalena-agro-trace] [           main] JpaBaseConfiguration$JpaWebConfiguration : spring.jpa.open-in-view is enabled by default. Therefore, database queries may be performed during view rendering. Explicitly configure spring.jpa.open-in-view to disable this warning
2026-05-29T01:38:15.172-05:00  INFO 3336 --- [magdalena-agro-trace] [           main] o.s.b.a.e.web.EndpointLinksResolver      : Exposing 1 endpoint beneath base path '/actuator'
2026-05-29T01:38:15.291-05:00  INFO 3336 --- [magdalena-agro-trace] [           main] o.s.boot.tomcat.TomcatWebServer          : Tomcat started on port 8082 (http) with context path '/'
2026-05-29T01:38:15.302-05:00  INFO 3336 --- [magdalena-agro-trace] [           main] c.raiza.demo.MagdalenaTraceApplication   : Started MagdalenaTraceApplication in 12.637 seconds (process running for 13.419)
